<?xml version="1.0" encoding="UTF-8"?>
<!-- Generated by org.testng.reporters.JUnitXMLReporter -->
<testsuite hostname="ip-172-31-76-77" ignored="0" name="Test" tests="1" failures="1" timestamp="2020-10-30T06:21:27 UTC" time="19.175" errors="0">
  <testcase name="verifySearchProduct" time="16.046" classname="in.amazon.test.HomepageTests">
    <failure type="org.openqa.selenium.NoSuchElementException" message="Cannot locate an element using xpath=//span[@data-component-type=&amp;apos;s-result-info-bar&amp;apos;]
For documentation on this error, please visit: https://www.seleniumhq.org/exceptions/no_such_element.html
Build info: version: &amp;apos;3.141.59&amp;apos;, revision: &amp;apos;e82be7d358&amp;apos;, time: &amp;apos;2018-11-14T08:17:03&amp;apos;
System info: host: &amp;apos;ip-172-31-76-77&amp;apos;, ip: &amp;apos;172.31.76.77&amp;apos;, os.name: &amp;apos;Linux&amp;apos;, os.arch: &amp;apos;amd64&amp;apos;, os.version: &amp;apos;4.4.0-1117-aws&amp;apos;, java.version: &amp;apos;1.8.0_272&amp;apos;
Driver info: driver.version: RemoteWebDriver">
      <![CDATA[org.openqa.selenium.NoSuchElementException: Cannot locate an element using xpath=//span[@data-component-type='s-result-info-bar']
For documentation on this error, please visit: https://www.seleniumhq.org/exceptions/no_such_element.html
Build info: version: '3.141.59', revision: 'e82be7d358', time: '2018-11-14T08:17:03'
System info: host: 'ip-172-31-76-77', ip: '172.31.76.77', os.name: 'Linux', os.arch: 'amd64', os.version: '4.4.0-1117-aws', java.version: '1.8.0_272'
Driver info: driver.version: RemoteWebDriver
at org.openqa.selenium.remote.RemoteWebDriver.findElement(RemoteWebDriver.java:327)
at org.openqa.selenium.remote.RemoteWebDriver.findElementByXPath(RemoteWebDriver.java:428)
at org.openqa.selenium.By$ByXPath.findElement(By.java:353)
at org.openqa.selenium.remote.RemoteWebDriver.findElement(RemoteWebDriver.java:315)
at org.openqa.selenium.support.pagefactory.DefaultElementLocator.findElement(DefaultElementLocator.java:69)
at org.openqa.selenium.support.pagefactory.internal.LocatingElementHandler.invoke(LocatingElementHandler.java:38)
at com.sun.proxy.$Proxy10.getText(Unknown Source)
at commonLibs.implementation.CommonElement.getText(CommonElement.java:12)
at in.amazon.pages.Homepage.searchProduct(Homepage.java:45)
at in.amazon.test.HomepageTests.verifySearchProduct(HomepageTests.java:14)
at java.util.ArrayList.forEach(ArrayList.java:1259)
... Removed 27 stack frames]]>
    </failure>
  </testcase> <!-- verifySearchProduct -->
</testsuite> <!-- Test -->
