<?xml version="1.0" encoding="UTF-8"?>
<!-- Generated by org.testng.reporters.JUnitXMLReporter -->
<testsuite hostname="DESKTOP-8IQA0EJ" ignored="0" name="Test" tests="3" failures="3" timestamp="2020-11-02T12:50:38 IST" time="48.179" errors="0">
  <testcase name="verifySearchProduct" time="3.944" classname="in.amazon.test.HomepageTests">
    <failure type="java.lang.AssertionError" message="expected [1-24 of over 2,000 results for Electronics : &amp;quot;Apple Watch&amp;quot;] but found [1-24 of over 2,000 results for Electronics : &amp;quot;Apple Watch&amp;quot;
Sort by:
        
            Featured
        
            Price: Low to High
        
            Price: High to Low
        
            Avg. Customer Review
        
            Newest Arrivals
        
    Sort by:Featured]">
      <![CDATA[java.lang.AssertionError: expected [1-24 of over 2,000 results for Electronics : "Apple Watch"] but found [1-24 of over 2,000 results for Electronics : "Apple Watch"
Sort by:
        
            Featured
        
            Price: Low to High
        
            Price: High to Low
        
            Avg. Customer Review
        
            Newest Arrivals
        
    Sort by:Featured]
at in.amazon.test.HomepageTests.verifySearchProduct(HomepageTests.java:28)
at java.util.concurrent.ThreadPoolExecutor.runWorker(Unknown Source)
at java.util.concurrent.ThreadPoolExecutor$Worker.run(Unknown Source)
at java.lang.Thread.run(Unknown Source)
... Removed 18 stack frames]]>
    </failure>
  </testcase> <!-- verifySearchProduct -->
  <testcase name="verifySearchProduct" time="4.639" classname="in.amazon.test.HomepageTests">
    <failure type="java.lang.AssertionError" message="expected [1-24 of over 2,000 results for Electronics : &amp;quot;Apple Watch&amp;quot;] but found [1-24 of over 10,000 results for Electronics : &amp;quot;Iphone&amp;quot;
Sort by:
        
            Featured
        
            Price: Low to High
        
            Price: High to Low
        
            Avg. Customer Review
        
            Newest Arrivals
        
    Sort by:Featured]">
      <![CDATA[java.lang.AssertionError: expected [1-24 of over 2,000 results for Electronics : "Apple Watch"] but found [1-24 of over 10,000 results for Electronics : "Iphone"
Sort by:
        
            Featured
        
            Price: Low to High
        
            Price: High to Low
        
            Avg. Customer Review
        
            Newest Arrivals
        
    Sort by:Featured]
at in.amazon.test.HomepageTests.verifySearchProduct(HomepageTests.java:28)
at java.util.concurrent.ThreadPoolExecutor.runWorker(Unknown Source)
at java.util.concurrent.ThreadPoolExecutor$Worker.run(Unknown Source)
at java.lang.Thread.run(Unknown Source)
... Removed 18 stack frames]]>
    </failure>
  </testcase> <!-- verifySearchProduct -->
  <testcase name="verifySearchProduct" time="3.707" classname="in.amazon.test.HomepageTests">
    <failure type="java.lang.AssertionError" message="expected [1-24 of over 2,000 results for Electronics : &amp;quot;Apple Watch&amp;quot;] but found [1-16 of over 1,000 results for Books : &amp;quot;selenium books&amp;quot;
Sort by:
        
            Featured
        
            Price: Low to High
        
            Price: High to Low
        
            Avg. Customer Review
        
            Publication Date
        
    Sort by:Featured]">
      <![CDATA[java.lang.AssertionError: expected [1-24 of over 2,000 results for Electronics : "Apple Watch"] but found [1-16 of over 1,000 results for Books : "selenium books"
Sort by:
        
            Featured
        
            Price: Low to High
        
            Price: High to Low
        
            Avg. Customer Review
        
            Publication Date
        
    Sort by:Featured]
at in.amazon.test.HomepageTests.verifySearchProduct(HomepageTests.java:28)
at java.util.concurrent.ThreadPoolExecutor.runWorker(Unknown Source)
at java.util.concurrent.ThreadPoolExecutor$Worker.run(Unknown Source)
at java.lang.Thread.run(Unknown Source)
... Removed 18 stack frames]]>
    </failure>
  </testcase> <!-- verifySearchProduct -->
</testsuite> <!-- Test -->
